<?xml version="1.0" encoding="UTF-8"?>
<!-- Generated by org.testng.reporters.JUnitXMLReporter -->
<testsuite ignored="0" hostname="DESKTOP-H2K9GN4" failures="0" tests="2" name="CheckoutTests" time="26.0" errors="0" timestamp="2025-09-15T15:18:02 IST">
  <testcase classname="com.BrowserStack_project.tests.CheckoutTest" name="checkoutWithItems" time="6.925"/>
  <testcase classname="com.BrowserStack_project.tests.CheckoutTest" name="checkoutWithoutItems" time="2.089"/>
</testsuite> <!-- CheckoutTests -->
