<?xml version="1.0" encoding="UTF-8"?>
<!-- Generated by org.testng.reporters.JUnitXMLReporter -->
<testsuite ignored="0" hostname="DESKTOP-H2K9GN4" failures="0" tests="2" name="ProductTests" time="11.616" errors="0" timestamp="2025-09-15T15:17:26 IST">
  <testcase classname="com.BrowserStack_project.tests.ProductTest" name="verifyProductFiltersTest" time="1.728"/>
  <testcase classname="com.BrowserStack_project.tests.ProductTest" name="printAllProductDetailsTest" time="3.908"/>
</testsuite> <!-- ProductTests -->
