<?xml version="1.0" encoding="UTF-8"?>
<!-- Generated by org.testng.reporters.JUnitXMLReporter -->
<testsuite ignored="0" hostname="DESKTOP-H2K9GN4" failures="0" tests="10" name="Contact List API Tests" time="17.631" errors="0" timestamp="2025-09-11T14:59:10 IST">
  <testcase classname="com.capstone.tests.CompleteTestSuite" name="addUser" time="3.759"/>
  <testcase classname="com.capstone.tests.CompleteTestSuite" name="getUserProfile" time="1.515"/>
  <testcase classname="com.capstone.tests.CompleteTestSuite" name="updateUser" time="1.637"/>
  <testcase classname="com.capstone.tests.CompleteTestSuite" name="loginUser" time="1.607"/>
  <testcase classname="com.capstone.tests.CompleteTestSuite" name="addContact" time="1.466"/>
  <testcase classname="com.capstone.tests.CompleteTestSuite" name="getContactList" time="1.506"/>
  <testcase classname="com.capstone.tests.CompleteTestSuite" name="getSingleContact" time="1.822"/>
  <testcase classname="com.capstone.tests.CompleteTestSuite" name="updateContactPUT" time="1.39"/>
  <testcase classname="com.capstone.tests.CompleteTestSuite" name="updateContactPATCH" time="1.401"/>
  <testcase classname="com.capstone.tests.CompleteTestSuite" name="logoutUser" time="1.487"/>
</testsuite> <!-- Contact List API Tests -->
