<?xml version="1.0" encoding="UTF-8"?>
<testng-results ignored="0" total="5" passed="5" failed="0" skipped="0">
  <reporter-output>
  </reporter-output>
  <suite started-at="2025-09-14T15:33:48 IST" name="Capstone_Project_Phase2_Suite" finished-at="2025-09-14T15:34:17 IST" duration-ms="28745">
    <groups>
    </groups>
    <test started-at="2025-09-14T15:33:48 IST" name="Phase2-Login-Admin-Tests" finished-at="2025-09-14T15:34:17 IST" duration-ms="28745">
      <class name="com.Capstone_Project.phase2.tests.AdminPageTest">
        <test-method is-config="true" signature="setup()[pri:0, instance:com.Capstone_Project.phase2.tests.AdminPageTest@4afcd809]" started-at="2025-09-14T15:34:01 IST" name="setup" finished-at="2025-09-14T15:34:02 IST" duration-ms="835" status="PASS">
          <reporter-output>
          </reporter-output>
        </test-method> <!-- setup -->
        <test-method signature="dashboardMenuCountAndAdminNavigate()[pri:0, instance:com.Capstone_Project.phase2.tests.AdminPageTest@4afcd809]" started-at="2025-09-14T15:34:02 IST" name="dashboardMenuCountAndAdminNavigate" finished-at="2025-09-14T15:34:11 IST" duration-ms="8612" status="PASS">
          <reporter-output>
          </reporter-output>
        </test-method> <!-- dashboardMenuCountAndAdminNavigate -->
        <test-method signature="searchByUserRole()[pri:0, instance:com.Capstone_Project.phase2.tests.AdminPageTest@4afcd809]" started-at="2025-09-14T15:34:11 IST" name="searchByUserRole" finished-at="2025-09-14T15:34:14 IST" duration-ms="2735" status="PASS">
          <reporter-output>
          </reporter-output>
        </test-method> <!-- searchByUserRole -->
        <test-method signature="searchByUserStatus()[pri:0, instance:com.Capstone_Project.phase2.tests.AdminPageTest@4afcd809]" started-at="2025-09-14T15:34:14 IST" name="searchByUserStatus" finished-at="2025-09-14T15:34:15 IST" duration-ms="1692" status="PASS">
          <reporter-output>
          </reporter-output>
        </test-method> <!-- searchByUserStatus -->
        <test-method signature="searchByUsername()[pri:0, instance:com.Capstone_Project.phase2.tests.AdminPageTest@4afcd809]" started-at="2025-09-14T15:34:15 IST" name="searchByUsername" finished-at="2025-09-14T15:34:16 IST" duration-ms="1195" status="PASS">
          <reporter-output>
          </reporter-output>
        </test-method> <!-- searchByUsername -->
        <test-method is-config="true" signature="tearDown()[pri:0, instance:com.Capstone_Project.phase2.tests.AdminPageTest@4afcd809]" started-at="2025-09-14T15:34:16 IST" name="tearDown" finished-at="2025-09-14T15:34:17 IST" duration-ms="305" status="PASS">
          <reporter-output>
          </reporter-output>
        </test-method> <!-- tearDown -->
      </class> <!-- com.Capstone_Project.phase2.tests.AdminPageTest -->
      <class name="com.Capstone_Project.phase2.tests.LoginPageTest">
        <test-method is-config="true" signature="setup()[pri:0, instance:com.Capstone_Project.phase2.tests.LoginPageTest@51399530]" started-at="2025-09-14T15:33:48 IST" name="setup" finished-at="2025-09-14T15:33:53 IST" duration-ms="4516" status="PASS">
          <reporter-output>
          </reporter-output>
        </test-method> <!-- setup -->
        <test-method signature="loginWithValidCredentials()[pri:0, instance:com.Capstone_Project.phase2.tests.LoginPageTest@51399530]" started-at="2025-09-14T15:33:53 IST" name="loginWithValidCredentials" finished-at="2025-09-14T15:34:01 IST" duration-ms="8113" status="PASS">
          <reporter-output>
          </reporter-output>
        </test-method> <!-- loginWithValidCredentials -->
        <test-method is-config="true" signature="tearDown()[pri:0, instance:com.Capstone_Project.phase2.tests.LoginPageTest@51399530]" started-at="2025-09-14T15:34:01 IST" name="tearDown" finished-at="2025-09-14T15:34:01 IST" duration-ms="686" status="PASS">
          <reporter-output>
          </reporter-output>
        </test-method> <!-- tearDown -->
      </class> <!-- com.Capstone_Project.phase2.tests.LoginPageTest -->
    </test> <!-- Phase2-Login-Admin-Tests -->
  </suite> <!-- Capstone_Project_Phase2_Suite -->
</testng-results>
